[INFO] Scanning for projects...
[INFO]                                                                         
[INFO] ------------------------------------------------------------------------
[INFO] Building seleniumtest 1.0-SNAPSHOT
[INFO] ------------------------------------------------------------------------
[INFO] 
[INFO] --- maven-resources-plugin:2.6:resources (default-resources) @ seleniumtest ---
[INFO] Using 'UTF-8' encoding to copy filtered resources.
[INFO] Copying 0 resource
[INFO] 
[INFO] --- maven-compiler-plugin:3.7.0:compile (default-compile) @ seleniumtest ---
[INFO] No sources to compile
[INFO] 
[INFO] --- maven-resources-plugin:2.6:testResources (default-testResources) @ seleniumtest ---
[INFO] Using 'UTF-8' encoding to copy filtered resources.
[INFO] skip non existing resourceDirectory /home/ufficio/entando_json/entando-QE/Selenium_TESTS_18_Luglio/src/test/resources
[INFO] 
[INFO] --- maven-compiler-plugin:3.7.0:testCompile (default-testCompile) @ seleniumtest ---
[INFO] Changes detected - recompiling the module!
[INFO] Compiling 139 source files to /home/ufficio/entando_json/entando-QE/Selenium_TESTS_18_Luglio/target/test-classes
[INFO] /home/ufficio/entando_json/entando-QE/Selenium_TESTS_18_Luglio/src/test/java/org/entando/selenium/pages/DTWidgetPage.java: /home/ufficio/entando_json/entando-QE/Selenium_TESTS_18_Luglio/src/test/java/org/entando/selenium/pages/DTWidgetPage.java uses unchecked or unsafe operations.
[INFO] /home/ufficio/entando_json/entando-QE/Selenium_TESTS_18_Luglio/src/test/java/org/entando/selenium/pages/DTWidgetPage.java: Recompile with -Xlint:unchecked for details.
[INFO] 
[INFO] --- maven-surefire-plugin:2.19.1:test (default-test) @ seleniumtest ---

-------------------------------------------------------
 T E S T S
-------------------------------------------------------
Running org.entando.selenium.tests.DTPageDetailsTest
Tests run: 1, Failures: 0, Errors: 0, Skipped: 0, Time elapsed: 25.275 sec - in org.entando.selenium.tests.DTPageDetailsTest
Running org.entando.selenium.tests.DTPageModelsEditTest
Tests run: 1, Failures: 0, Errors: 0, Skipped: 0, Time elapsed: 27.213 sec - in org.entando.selenium.tests.DTPageModelsEditTest
Running org.entando.selenium.tests.DTUserGroupDeleteTest
Tests run: 1, Failures: 0, Errors: 0, Skipped: 0, Time elapsed: 13.885 sec - in org.entando.selenium.tests.DTUserGroupDeleteTest
Running org.entando.selenium.tests.DTCategoriesListTest
Tests run: 1, Failures: 0, Errors: 0, Skipped: 0, Time elapsed: 22.526 sec - in org.entando.selenium.tests.DTCategoriesListTest
Running org.entando.selenium.tests.DTPageAddTest
Tests run: 1, Failures: 0, Errors: 0, Skipped: 0, Time elapsed: 23.247 sec - in org.entando.selenium.tests.DTPageAddTest
Running org.entando.selenium.tests.DTFragmentsAddTest
Tests run: 1, Failures: 0, Errors: 0, Skipped: 0, Time elapsed: 12.678 sec - in org.entando.selenium.tests.DTFragmentsAddTest
Running org.entando.selenium.tests.DTUserEditTest
Tests run: 1, Failures: 0, Errors: 0, Skipped: 0, Time elapsed: 17.849 sec - in org.entando.selenium.tests.DTUserEditTest
Running org.entando.selenium.tests.DTSystemLabelsEditTest
Tests run: 1, Failures: 1, Errors: 0, Skipped: 0, Time elapsed: 17.537 sec <<< FAILURE! - in org.entando.selenium.tests.DTSystemLabelsEditTest
runTest  Time elapsed: 5.974 sec  <<< FAILURE!
org.junit.ComparisonFailure: Invalid Code field content expected:<[1SLNM_TEST_307]> but was:<[]>
	at org.entando.selenium.tests.DTSystemLabelsEditTest.runTest(DTSystemLabelsEditTest.java:107)

Running org.entando.selenium.tests.DTPageTreeListTest
Tests run: 1, Failures: 1, Errors: 0, Skipped: 0, Time elapsed: 22.652 sec <<< FAILURE! - in org.entando.selenium.tests.DTPageTreeListTest
runTest  Time elapsed: 13.84 sec  <<< FAILURE!
java.lang.AssertionError: Save Button is not enabled after compiling
	at org.entando.selenium.tests.DTPageTreeListTest.runTest(DTPageTreeListTest.java:112)

Running org.entando.selenium.tests.DTWidgetsListTest
Tests run: 1, Failures: 0, Errors: 0, Skipped: 0, Time elapsed: 10.801 sec - in org.entando.selenium.tests.DTWidgetsListTest
Running org.entando.selenium.tests.DTUserProfileTypeEditTest
Tests run: 1, Failures: 0, Errors: 0, Skipped: 0, Time elapsed: 15.536 sec - in org.entando.selenium.tests.DTUserProfileTypeEditTest
Running org.entando.selenium.tests.DTCategoriesEditTest
Tests run: 1, Failures: 0, Errors: 0, Skipped: 0, Time elapsed: 18.965 sec - in org.entando.selenium.tests.DTCategoriesEditTest
Running org.entando.selenium.tests.DTFragmentsDeleteTest
Tests run: 1, Failures: 0, Errors: 0, Skipped: 0, Time elapsed: 16.091 sec - in org.entando.selenium.tests.DTFragmentsDeleteTest
Running org.entando.selenium.tests.DTFragmentsDetailsTest
Tests run: 1, Failures: 0, Errors: 0, Skipped: 0, Time elapsed: 19.426 sec - in org.entando.selenium.tests.DTFragmentsDetailsTest
Running org.entando.selenium.tests.DTPageTreeSearchTest
Tests run: 1, Failures: 1, Errors: 0, Skipped: 0, Time elapsed: 22.233 sec <<< FAILURE! - in org.entando.selenium.tests.DTPageTreeSearchTest
runTest  Time elapsed: 9.71 sec  <<< FAILURE!
java.lang.AssertionError: Save Button is not enabled after compiling
	at org.entando.selenium.tests.DTPageTreeSearchTest.runTest(DTPageTreeSearchTest.java:82)

Running org.entando.selenium.tests.DTSystemLabelsDeleteTest
Tests run: 1, Failures: 0, Errors: 0, Skipped: 0, Time elapsed: 17.186 sec - in org.entando.selenium.tests.DTSystemLabelsDeleteTest
Running org.entando.selenium.tests.DTDatabaseTest
Tests run: 1, Failures: 0, Errors: 0, Skipped: 0, Time elapsed: 10.65 sec - in org.entando.selenium.tests.DTDatabaseTest
Running org.entando.selenium.tests.DTUserDeleteTest
Tests run: 1, Failures: 0, Errors: 0, Skipped: 0, Time elapsed: 26.007 sec - in org.entando.selenium.tests.DTUserDeleteTest
Running org.entando.selenium.tests.DTDataModelsSearchTest
Tests run: 1, Failures: 0, Errors: 0, Skipped: 0, Time elapsed: 24.011 sec - in org.entando.selenium.tests.DTDataModelsSearchTest
Running org.entando.selenium.tests.DTFragmentsListTest
Tests run: 1, Failures: 0, Errors: 0, Skipped: 0, Time elapsed: 20.68 sec - in org.entando.selenium.tests.DTFragmentsListTest
Running org.entando.selenium.tests.DTDataModelsDeleteTest
Tests run: 1, Failures: 0, Errors: 0, Skipped: 0, Time elapsed: 14.39 sec - in org.entando.selenium.tests.DTDataModelsDeleteTest
Running org.entando.selenium.tests.DTCategoriesAddTest
Tests run: 1, Failures: 0, Errors: 0, Skipped: 0, Time elapsed: 19.799 sec - in org.entando.selenium.tests.DTCategoriesAddTest
Running org.entando.selenium.tests.DTUserRoleDetailsTest
Tests run: 1, Failures: 0, Errors: 0, Skipped: 0, Time elapsed: 17.593 sec - in org.entando.selenium.tests.DTUserRoleDetailsTest
Running org.entando.selenium.tests.DTDataTypesAddTest
Tests run: 1, Failures: 0, Errors: 0, Skipped: 0, Time elapsed: 22.159 sec - in org.entando.selenium.tests.DTDataTypesAddTest
Running org.entando.selenium.tests.DTCategoriesDeleteTest
Tests run: 1, Failures: 0, Errors: 0, Skipped: 0, Time elapsed: 17.929 sec - in org.entando.selenium.tests.DTCategoriesDeleteTest
Running org.entando.selenium.tests.DTPageEditTest
Tests run: 1, Failures: 0, Errors: 0, Skipped: 0, Time elapsed: 19.81 sec - in org.entando.selenium.tests.DTPageEditTest
Running org.entando.selenium.tests.DTUserProfileTypeDeleteTest
Tests run: 1, Failures: 0, Errors: 0, Skipped: 0, Time elapsed: 17.779 sec - in org.entando.selenium.tests.DTUserProfileTypeDeleteTest
Running org.entando.selenium.tests.DTCategoriesDetailsTest
Tests run: 1, Failures: 0, Errors: 0, Skipped: 0, Time elapsed: 12.025 sec - in org.entando.selenium.tests.DTCategoriesDetailsTest
Running org.entando.selenium.tests.DTUserRoleDeleteTest
Tests run: 1, Failures: 0, Errors: 0, Skipped: 0, Time elapsed: 14.395 sec - in org.entando.selenium.tests.DTUserRoleDeleteTest
Running org.entando.selenium.tests.DTPageConfigureTest
Tests run: 1, Failures: 0, Errors: 0, Skipped: 0, Time elapsed: 18.492 sec - in org.entando.selenium.tests.DTPageConfigureTest
Running org.entando.selenium.tests.DTPageDeleteTest
Tests run: 1, Failures: 0, Errors: 0, Skipped: 0, Time elapsed: 19.201 sec - in org.entando.selenium.tests.DTPageDeleteTest
Running org.entando.selenium.tests.DTPageCloneTest
Tests run: 1, Failures: 0, Errors: 0, Skipped: 0, Time elapsed: 23.815 sec - in org.entando.selenium.tests.DTPageCloneTest
Running org.entando.selenium.tests.DTSystemLabelsAddTest
Tests run: 1, Failures: 0, Errors: 0, Skipped: 0, Time elapsed: 14.393 sec - in org.entando.selenium.tests.DTSystemLabelsAddTest
Running org.entando.selenium.tests.DTPagePublishTest
Tests run: 1, Failures: 0, Errors: 0, Skipped: 0, Time elapsed: 19.946 sec - in org.entando.selenium.tests.DTPagePublishTest
Running org.entando.selenium.tests.DTLoginFormTest
Tests run: 1, Failures: 0, Errors: 0, Skipped: 0, Time elapsed: 18.452 sec - in org.entando.selenium.tests.DTLoginFormTest
Running org.entando.selenium.tests.DTUserRolesListTest
Tests run: 1, Failures: 0, Errors: 0, Skipped: 0, Time elapsed: 15.541 sec - in org.entando.selenium.tests.DTUserRolesListTest
Running org.entando.selenium.tests.DTWidgetDeleteTest
Tests run: 1, Failures: 0, Errors: 0, Skipped: 0, Time elapsed: 20.519 sec - in org.entando.selenium.tests.DTWidgetDeleteTest
Running org.entando.selenium.tests.DTUserRoleEditTest
Tests run: 1, Failures: 0, Errors: 0, Skipped: 0, Time elapsed: 18.846 sec - in org.entando.selenium.tests.DTUserRoleEditTest
Running org.entando.selenium.tests.DTUserAddTest
Tests run: 1, Failures: 0, Errors: 0, Skipped: 0, Time elapsed: 19.722 sec - in org.entando.selenium.tests.DTUserAddTest
Running org.entando.selenium.tests.DTPageModelsListTest
Tests run: 1, Failures: 0, Errors: 0, Skipped: 0, Time elapsed: 15.622 sec - in org.entando.selenium.tests.DTPageModelsListTest
Running org.entando.selenium.tests.DTUserProfileTypeTest
Tests run: 1, Failures: 0, Errors: 0, Skipped: 0, Time elapsed: 15.515 sec - in org.entando.selenium.tests.DTUserProfileTypeTest
Running org.entando.selenium.tests.DTDataModelsEditTest
Tests run: 1, Failures: 0, Errors: 0, Skipped: 0, Time elapsed: 20.959 sec - in org.entando.selenium.tests.DTDataModelsEditTest
Running org.entando.selenium.tests.DTDataTypesEditTest
Tests run: 1, Failures: 0, Errors: 0, Skipped: 0, Time elapsed: 19.16 sec - in org.entando.selenium.tests.DTDataTypesEditTest
Running org.entando.selenium.tests.DTWidgetAddTest
Tests run: 1, Failures: 0, Errors: 0, Skipped: 0, Time elapsed: 26.39 sec - in org.entando.selenium.tests.DTWidgetAddTest
Running org.entando.selenium.tests.DTReloadConfigurationTest
Tests run: 1, Failures: 0, Errors: 0, Skipped: 0, Time elapsed: 15.383 sec - in org.entando.selenium.tests.DTReloadConfigurationTest
Running org.entando.selenium.tests.DTSystemLabelsSearchTest
Tests run: 1, Failures: 1, Errors: 0, Skipped: 0, Time elapsed: 17.231 sec <<< FAILURE! - in org.entando.selenium.tests.DTSystemLabelsSearchTest
runTest  Time elapsed: 6.12 sec  <<< FAILURE!
java.lang.AssertionError: Elements founds: 3 Expected: 2 expected:<2> but was:<3>
	at org.entando.selenium.tests.DTSystemLabelsSearchTest.runTest(DTSystemLabelsSearchTest.java:94)

Running org.entando.selenium.tests.DTPageModelsAddTest
Tests run: 1, Failures: 0, Errors: 0, Skipped: 0, Time elapsed: 20.375 sec - in org.entando.selenium.tests.DTPageModelsAddTest
Running org.entando.selenium.tests.DTDataTypesDeleteTest
Tests run: 1, Failures: 0, Errors: 0, Skipped: 0, Time elapsed: 17.885 sec - in org.entando.selenium.tests.DTDataTypesDeleteTest
Running org.entando.selenium.tests.DTUserGroupAddTest
Tests run: 1, Failures: 0, Errors: 0, Skipped: 0, Time elapsed: 18.236 sec - in org.entando.selenium.tests.DTUserGroupAddTest
Running org.entando.selenium.tests.DTDataModelsAddTest
Tests run: 1, Failures: 0, Errors: 0, Skipped: 0, Time elapsed: 16.543 sec - in org.entando.selenium.tests.DTDataModelsAddTest
Running org.entando.selenium.tests.DTDataModelsListTest
Tests run: 1, Failures: 0, Errors: 0, Skipped: 0, Time elapsed: 12.273 sec - in org.entando.selenium.tests.DTDataModelsListTest
Running org.entando.selenium.tests.DTUserProfileTypeAddTest
Tests run: 1, Failures: 0, Errors: 0, Skipped: 0, Time elapsed: 14.887 sec - in org.entando.selenium.tests.DTUserProfileTypeAddTest
Running org.entando.selenium.tests.DTLabelsAndLanguagesTest
Tests run: 1, Failures: 0, Errors: 0, Skipped: 0, Time elapsed: 14.94 sec - in org.entando.selenium.tests.DTLabelsAndLanguagesTest
Running org.entando.selenium.tests.DTUserRestrictionsTest
Tests run: 1, Failures: 0, Errors: 0, Skipped: 0, Time elapsed: 16.638 sec - in org.entando.selenium.tests.DTUserRestrictionsTest
Running org.entando.selenium.tests.DTUserGroupDetailsTest
Tests run: 1, Failures: 0, Errors: 0, Skipped: 0, Time elapsed: 13.653 sec - in org.entando.selenium.tests.DTUserGroupDetailsTest
Running org.entando.selenium.tests.DTSystemLabelsListTest
Tests run: 1, Failures: 0, Errors: 0, Skipped: 0, Time elapsed: 25.22 sec - in org.entando.selenium.tests.DTSystemLabelsListTest
Running org.entando.selenium.tests.DTWidgetEditTest
Tests run: 1, Failures: 0, Errors: 1, Skipped: 0, Time elapsed: 29.502 sec <<< FAILURE! - in org.entando.selenium.tests.DTWidgetEditTest
runTest  Time elapsed: 19.655 sec  <<< ERROR!
org.openqa.selenium.TimeoutException: Expected condition failed: waiting for visibility of Proxy element for: DefaultElementLocator 'By.xpath: //div[contains(@class, 'alert')]' (tried for 8 second(s) with 500 milliseconds interval)
	at org.entando.selenium.tests.DTWidgetEditTest.runTest(DTWidgetEditTest.java:112)
Caused by: org.openqa.selenium.NoSuchElementException: 
no such element: Unable to locate element: {"method":"xpath","selector":"//div[contains(@class, 'alert')]"}
  (Session info: headless chrome=68.0.3440.84)
  (Driver info: chromedriver=2.40.565383 (76257d1ab79276b2d53ee976b2c3e3b9f335cde7),platform=Linux 4.15.0-30-generic x86_64) (WARNING: The server did not provide any stacktrace information)
Command duration or timeout: 0 milliseconds
For documentation on this error, please visit: http://seleniumhq.org/exceptions/no_such_element.html
Build info: version: '3.11.0', revision: 'e59cfb3', time: '2018-03-11T20:26:55.152Z'
System info: host: 'entando-HP-Pavilion-Notebook', ip: '127.0.1.1', os.name: 'Linux', os.arch: 'amd64', os.version: '4.15.0-30-generic', java.version: '1.8.0_181'
Driver info: org.openqa.selenium.chrome.ChromeDriver
Capabilities {acceptInsecureCerts: false, acceptSslCerts: false, applicationCacheEnabled: false, browserConnectionEnabled: false, browserName: chrome, chrome: {chromedriverVersion: 2.40.565383 (76257d1ab79276..., userDataDir: /tmp/.org.chromium.Chromium...}, cssSelectorsEnabled: true, databaseEnabled: false, handlesAlerts: true, hasTouchScreen: false, javascriptEnabled: true, locationContextEnabled: true, mobileEmulationEnabled: false, nativeEvents: true, networkConnectionEnabled: false, pageLoadStrategy: normal, platform: LINUX, platformName: LINUX, rotatable: false, setWindowRect: true, takesHeapSnapshot: true, takesScreenshot: true, unexpectedAlertBehaviour: , unhandledPromptBehavior: , version: 68.0.3440.84, webStorageEnabled: true}
Session ID: ce3fb1c2f4a5b7754e1d1514eedd5b5e
*** Element info: {Using=xpath, value=//div[contains(@class, 'alert')]}
	at org.entando.selenium.tests.DTWidgetEditTest.runTest(DTWidgetEditTest.java:112)

Running org.entando.selenium.tests.DTUserGroupEditTest
Tests run: 1, Failures: 0, Errors: 0, Skipped: 0, Time elapsed: 17.929 sec - in org.entando.selenium.tests.DTUserGroupEditTest
Running org.entando.selenium.tests.DTUsersListTest
Tests run: 1, Failures: 0, Errors: 0, Skipped: 0, Time elapsed: 11.89 sec - in org.entando.selenium.tests.DTUsersListTest
Running org.entando.selenium.tests.DTFragmentsSearchTest
Tests run: 1, Failures: 0, Errors: 0, Skipped: 0, Time elapsed: 32.721 sec - in org.entando.selenium.tests.DTFragmentsSearchTest
Running org.entando.selenium.tests.DTPageModelsDetailsTest
Tests run: 1, Failures: 0, Errors: 0, Skipped: 0, Time elapsed: 22.846 sec - in org.entando.selenium.tests.DTPageModelsDetailsTest
Running org.entando.selenium.tests.DTUserSearchTest
Tests run: 1, Failures: 0, Errors: 0, Skipped: 0, Time elapsed: 29.339 sec - in org.entando.selenium.tests.DTUserSearchTest
Running org.entando.selenium.tests.DTDataTypesListTest
Tests run: 1, Failures: 0, Errors: 0, Skipped: 0, Time elapsed: 13.205 sec - in org.entando.selenium.tests.DTDataTypesListTest
Running org.entando.selenium.tests.DTFragmentsEditTest
Tests run: 1, Failures: 0, Errors: 0, Skipped: 0, Time elapsed: 16.482 sec - in org.entando.selenium.tests.DTFragmentsEditTest
Running org.entando.selenium.tests.DTPageModelsDeleteTest
Tests run: 1, Failures: 0, Errors: 0, Skipped: 0, Time elapsed: 25.665 sec - in org.entando.selenium.tests.DTPageModelsDeleteTest
Running org.entando.selenium.tests.DTUserRoleAddTest
Tests run: 1, Failures: 0, Errors: 0, Skipped: 0, Time elapsed: 15.408 sec - in org.entando.selenium.tests.DTUserRoleAddTest
Running org.entando.selenium.tests.DTUserManageAuthorizationTest
Tests run: 1, Failures: 0, Errors: 0, Skipped: 0, Time elapsed: 13.157 sec - in org.entando.selenium.tests.DTUserManageAuthorizationTest

Results :

Failed tests: 
  DTPageTreeListTest.runTest:112->PageTreeTestBase.addPage:114->PageTreeTestBase.addPage:86 Save Button is not enabled after compiling
  DTPageTreeSearchTest.runTest:82->PageTreeTestBase.addPage:114->PageTreeTestBase.addPage:86 Save Button is not enabled after compiling
  DTSystemLabelsEditTest.runTest:107 Invalid Code field content expected:<[1SLNM_TEST_307]> but was:<[]>
  DTSystemLabelsSearchTest.runTest:94 Elements founds: 3 Expected: 2 expected:<2> but was:<3>
Tests in error: 
  DTWidgetEditTest.runTest:112->WidgetsTestBase.deleteWidget:105 Â» Timeout Expec...

Tests run: 67, Failures: 4, Errors: 1, Skipped: 0

[INFO] ------------------------------------------------------------------------
[INFO] BUILD FAILURE
[INFO] ------------------------------------------------------------------------
[INFO] Total time: 21:04 min
[INFO] Finished at: 2018-08-09T14:00:40+02:00
[INFO] Final Memory: 23M/266M
[INFO] ------------------------------------------------------------------------
[ERROR] Failed to execute goal org.apache.maven.plugins:maven-surefire-plugin:2.19.1:test (default-test) on project seleniumtest: There are test failures.
[ERROR] 
[ERROR] Please refer to /home/ufficio/entando_json/entando-QE/Selenium_TESTS_18_Luglio/target/surefire-reports for the individual test results.
[ERROR] -> [Help 1]
[ERROR] 
[ERROR] To see the full stack trace of the errors, re-run Maven with the -e switch.
[ERROR] Re-run Maven using the -X switch to enable full debug logging.
[ERROR] 
[ERROR] For more information about the errors and possible solutions, please read the following articles:
[ERROR] [Help 1] http://cwiki.apache.org/confluence/display/MAVEN/MojoFailureException
